[2025-10-23 21:32:21] This is codeql database create D:\NetworkSecurity\project\codeql_dbs\python-db --language=python --source-root=D:\NetworkSecurity\project
[2025-10-23 21:32:21] Log file was started late.
[2025-10-23 21:32:21] [PROGRESS] database create> Initializing database at D:\NetworkSecurity\project\codeql_dbs\python-db.
[2025-10-23 21:32:21] Running plumbing command: codeql database init --language=python --extractor-options-verbosity=1 --qlconfig-file=C:\Users\yangyuyong\qlconfig.yml --source-root=D:\NetworkSecurity\project --allow-missing-source-root=false --allow-already-existing -- D:\NetworkSecurity\project\codeql_dbs\python-db
[2025-10-23 21:32:21] Calling plumbing command: codeql resolve languages --extractor-options-verbosity=1 --format=betterjson
[2025-10-23 21:32:21] [DETAILS] resolve languages> Scanning for [codeql-extractor.yml] from D:\NetworkSecurity\codeql\
[2025-10-23 21:32:22] [DETAILS] resolve languages> Parsing D:\NetworkSecurity\codeql\actions\codeql-extractor.yml.
[2025-10-23 21:32:22] [DETAILS] resolve languages> Parsing D:\NetworkSecurity\codeql\cpp\codeql-extractor.yml.
[2025-10-23 21:32:22] [DETAILS] resolve languages> Parsing D:\NetworkSecurity\codeql\csharp\codeql-extractor.yml.
[2025-10-23 21:32:22] [DETAILS] resolve languages> Parsing D:\NetworkSecurity\codeql\csv\codeql-extractor.yml.
[2025-10-23 21:32:22] [DETAILS] resolve languages> Parsing D:\NetworkSecurity\codeql\go\codeql-extractor.yml.
[2025-10-23 21:32:22] [DETAILS] resolve languages> Parsing D:\NetworkSecurity\codeql\html\codeql-extractor.yml.
[2025-10-23 21:32:22] [DETAILS] resolve languages> Parsing D:\NetworkSecurity\codeql\java\codeql-extractor.yml.
[2025-10-23 21:32:22] [DETAILS] resolve languages> Parsing D:\NetworkSecurity\codeql\javascript\codeql-extractor.yml.
[2025-10-23 21:32:22] [DETAILS] resolve languages> Parsing D:\NetworkSecurity\codeql\properties\codeql-extractor.yml.
[2025-10-23 21:32:22] [DETAILS] resolve languages> Parsing D:\NetworkSecurity\codeql\python\codeql-extractor.yml.
[2025-10-23 21:32:22] [DETAILS] resolve languages> Parsing D:\NetworkSecurity\codeql\ruby\codeql-extractor.yml.
[2025-10-23 21:32:22] [DETAILS] resolve languages> Parsing D:\NetworkSecurity\codeql\rust\codeql-extractor.yml.
[2025-10-23 21:32:22] [DETAILS] resolve languages> Parsing D:\NetworkSecurity\codeql\swift\codeql-extractor.yml.
[2025-10-23 21:32:22] [DETAILS] resolve languages> Parsing D:\NetworkSecurity\codeql\xml\codeql-extractor.yml.
[2025-10-23 21:32:22] [DETAILS] resolve languages> Parsing D:\NetworkSecurity\codeql\yaml\codeql-extractor.yml.
[2025-10-23 21:32:22] Plumbing command codeql resolve languages completed:
                      {
                        "aliases" : {
                          "c" : "cpp",
                          "c++" : "cpp",
                          "c-c++" : "cpp",
                          "c-cpp" : "cpp",
                          "c#" : "csharp",
                          "java-kotlin" : "java",
                          "kotlin" : "java",
                          "javascript-typescript" : "javascript",
                          "typescript" : "javascript"
                        },
                        "extractors" : {
                          "actions" : [
                            {
                              "extractor_root" : "D:\\NetworkSecurity\\codeql\\actions",
                              "extractor_options" : { }
                            }
                          ],
                          "cpp" : [
                            {
                              "extractor_root" : "D:\\NetworkSecurity\\codeql\\cpp",
                              "extractor_options" : {
                                "scale_timeouts" : {
                                  "title" : "Value to scale compiler introspection timeouts with",
                                  "description" : "The extractor attempts to determine what compiler the source code being extracted is compiled with. To this end the extractor makes additional calls to the compiler, some of which are expected to return within a certain fixed time (either 10s or 15s). On some systems that are under high load this time might be too short, and can be scaled up using this option.\n",
                                  "type" : "string",
                                  "pattern" : "[0-9]+"
                                },
                                "log_verbosity" : {
                                  "title" : "Verbosity of the extractor logging",
                                  "description" : "Set the verbosity of the extractor logging to 'quiet' (0), 'normal' (1), 'chatty' (2), or 'noisy' (3). The default is 'normal'.\n",
                                  "type" : "string",
                                  "pattern" : "[0-3]"
                                }
                              }
                            }
                          ],
                          "csharp" : [
                            {
                              "extractor_root" : "D:\\NetworkSecurity\\codeql\\csharp",
                              "extractor_options" : {
                                "trap" : {
                                  "title" : "Options pertaining to TRAP.",
                                  "description" : "Options pertaining to TRAP.",
                                  "type" : "object",
                                  "properties" : {
                                    "compression" : {
                                      "title" : "Controls compression for the TRAP files written by the extractor.",
                                      "description" : "This option is only intended for use in debugging the extractor. Accepted values are 'brotli' (the default, to write brotli-compressed TRAP), 'gzip', and 'none' (to write uncompressed TRAP).\n",
                                      "type" : "string",
                                      "pattern" : "^(none|gzip|brotli)$"
                                    }
                                  }
                                },
                                "buildless" : {
                                  "title" : "DEPRECATED - Whether to use buildless (standalone) extraction.",
                                  "description" : "DEPRECATED: Use `--build-mode none` instead.\nA value indicating, which type of extraction the autobuilder should perform. If 'true', then the standalone extractor will be used, otherwise tracing extraction will be performed. The default is 'false'. Note that buildless extraction will generally yield less accurate analysis results, and should only be used in cases where it is not possible to build the code (for example if it uses inaccessible dependencies).\n",
                                  "type" : "string",
                                  "pattern" : "^(false|true)$"
                                },
                                "logging" : {
                                  "title" : "Options pertaining to logging.",
                                  "description" : "Options pertaining to logging.",
                                  "type" : "object",
                                  "properties" : {
                                    "verbosity" : {
                                      "title" : "Extractor logging verbosity level.",
                                      "description" : "Controls the level of verbosity of the extractor. The supported levels are (in order of increasing verbosity):\n  - off\n  - errors\n  - warnings\n  - info or progress\n  - debug or progress+\n  - trace or progress++\n  - progress+++\n",
                                      "type" : "string",
                                      "pattern" : "^(off|errors|warnings|(info|progress)|(debug|progress\\+)|(trace|progress\\+\\+)|progress\\+\\+\\+)$"
                                    }
                                  }
                                },
                                "binlog" : {
                                  "title" : "Binlog",
                                  "description" : "[EXPERIMENTAL] The value is a path to the MsBuild binary log file that should be extracted. This option only works when `--build-mode none` is also specified.\n",
                                  "type" : "array"
                                }
                              }
                            }
                          ],
                          "csv" : [
                            {
                              "extractor_root" : "D:\\NetworkSecurity\\codeql\\csv"
                            }
                          ],
                          "go" : [
                            {
                              "extractor_root" : "D:\\NetworkSecurity\\codeql\\go",
                              "extractor_options" : {
                                "extract_tests" : {
                                  "title" : "Whether to include Go test files in the CodeQL database.",
                                  "description" : "A value indicating whether Go test files should be included in the CodeQL database. The default is 'false'.\n",
                                  "type" : "string",
                                  "pattern" : "^(false|true)$"
                                },
                                "extract_vendor_dirs" : {
                                  "title" : "Whether to include Go vendor directories in the CodeQL database.",
                                  "description" : "A value indicating whether Go vendor directories should be included in the CodeQL database. The default is 'false'.\n",
                                  "type" : "string",
                                  "pattern" : "^(false|true)$"
                                }
                              }
                            }
                          ],
                          "html" : [
                            {
                              "extractor_root" : "D:\\NetworkSecurity\\codeql\\html"
                            }
                          ],
                          "java" : [
                            {
                              "extractor_root" : "D:\\NetworkSecurity\\codeql\\java",
                              "extractor_options" : {
                                "exclude" : {
                                  "title" : "A glob excluding files from analysis.",
                                  "description" : "A glob indicating what files to exclude from the analysis. This accepts glob patterns that are supported by Java's 'getPathMatcher' implementation.\n",
                                  "type" : "string"
                                },
                                "add_prefer_source" : {
                                  "title" : "Whether to always prefer source files over class files.",
                                  "description" : "A value indicating whether source files should be preferred over class files. If set to 'true', the extraction adds '-Xprefer:source' to the javac command line. If set to 'false', the extraction uses the default javac behavior ('-Xprefer:newer'). The default is 'true'.\n",
                                  "type" : "string",
                                  "pattern" : "^(false|true)$"
                                },
                                "buildless" : {
                                  "title" : "Whether to use buildless (standalone) extraction (experimental).",
                                  "description" : "A value indicating, which type of extraction the autobuilder should perform. If 'true', then the standalone extractor will be used, otherwise tracing extraction will be performed. The default is 'false'. Note that buildless extraction will generally yield less accurate analysis results, and should only be used in cases where it is not possible to build the code (for example if it uses inaccessible dependencies).\n",
                                  "type" : "string",
                                  "pattern" : "^(false|true)$"
                                },
                                "buildless_dependency_dir" : {
                                  "title" : "The path where buildless (standalone) extraction should keep dependencies.",
                                  "description" : "If set, the buildless (standalone) extractor will store dependencies in this directory.\n",
                                  "type" : "string"
                                },
                                "minimize_dependency_jars" : {
                                  "title" : "Whether to rewrite and minimize downloaded JAR dependencies (experimental).",
                                  "description" : "If 'true', JAR dependencies downloaded during extraction will be rewritten to remove unneeded data, such as method bodies. The default is 'false'.\n",
                                  "type" : "string",
                                  "pattern" : "^(false|true)$"
                                }
                              }
                            }
                          ],
                          "javascript" : [
                            {
                              "extractor_root" : "D:\\NetworkSecurity\\codeql\\javascript",
                              "extractor_options" : {
                                "skip_types" : {
                                  "title" : "Skip type extraction for TypeScript",
                                  "description" : "Whether to skip the extraction of types in a TypeScript application",
                                  "type" : "string",
                                  "pattern" : "^(false|true)$"
                                }
                              }
                            }
                          ],
                          "properties" : [
                            {
                              "extractor_root" : "D:\\NetworkSecurity\\codeql\\properties"
                            }
                          ],
                          "python" : [
                            {
                              "extractor_root" : "D:\\NetworkSecurity\\codeql\\python",
                              "extractor_options" : {
                                "logging" : {
                                  "title" : "Options pertaining to logging.",
                                  "description" : "Options pertaining to logging.",
                                  "type" : "object",
                                  "properties" : {
                                    "verbosity" : {
                                      "title" : "Python extractor logging verbosity level.",
                                      "description" : "Controls the level of verbosity of the CodeQL Python extractor.\nThe supported levels are (in order of increasing verbosity):\n\n  - off\n  - errors\n  - warnings\n  - info or progress\n  - debug or progress+\n  - trace or progress++\n  - progress+++\n",
                                      "type" : "string",
                                      "pattern" : "^(off|errors|warnings|(info|progress)|(debug|progress\\+)|(trace|progress\\+\\+)|progress\\+\\+\\+)$"
                                    }
                                  }
                                },
                                "python_executable_name" : {
                                  "title" : "Controls the name of the Python executable used by the Python extractor.",
                                  "description" : "The Python extractor uses platform-dependent heuristics to determine the name of the Python executable to use. Specifying a value for this option overrides the name of the Python executable used by the extractor. Accepted values are py, python and python3. Use this setting with caution, the Python extractor requires Python 3 to run.\n",
                                  "type" : "string",
                                  "pattern" : "^(py|python|python3)$"
                                }
                              }
                            }
                          ],
                          "ruby" : [
                            {
                              "extractor_root" : "D:\\NetworkSecurity\\codeql\\ruby",
                              "extractor_options" : {
                                "trap" : {
                                  "title" : "Options pertaining to TRAP.",
                                  "description" : "Options pertaining to TRAP.",
                                  "type" : "object",
                                  "properties" : {
                                    "compression" : {
                                      "title" : "Controls compression for the TRAP files written by the extractor.",
                                      "description" : "This option is only intended for use in debugging the extractor. Accepted values are 'gzip' (the default, to write gzip-compressed TRAP) 'zstd' (to write Zstandard-compressed TRAP) and 'none' (to write uncompressed TRAP).\n",
                                      "type" : "string",
                                      "pattern" : "^(none|gzip|zstd)$"
                                    }
                                  }
                                }
                              }
                            }
                          ],
                          "rust" : [
                            {
                              "extractor_root" : "D:\\NetworkSecurity\\codeql\\rust",
                              "extractor_options" : {
                                "trap" : {
                                  "title" : "Options pertaining to TRAP.",
                                  "description" : "Options pertaining to TRAP.",
                                  "type" : "object",
                                  "properties" : {
                                    "compression" : {
                                      "title" : "Controls compression for the TRAP files written by the extractor.",
                                      "description" : "This option is only intended for use in debugging the extractor. Accepted values are 'gzip' (to write gzip-compressed TRAP) 'zstd' (to write Zstandard-compressed TRAP) and 'none' (the default, to write uncompressed TRAP).\n",
                                      "type" : "string",
                                      "pattern" : "^(none|gzip|zstd)$"
                                    }
                                  }
                                },
                                "cargo_target_dir" : {
                                  "title" : "Directory to use for cargo output files.",
                                  "description" : "This value is an optional path to use as `CARGO_TARGET_DIR` for the internal cargo commands the extractor uses. Pointing it to a persistent directory may reduce execution time of consecutive extractor runs. By default, a new scratch directory is used for each run.\n",
                                  "type" : "string"
                                },
                                "cargo_target" : {
                                  "title" : "Target architecture",
                                  "description" : "Target architecture to use for analysis, analogous to `cargo --target`. By default the host architecture is used.\n",
                                  "type" : "string"
                                },
                                "cargo_features" : {
                                  "title" : "Cargo features to turn on",
                                  "description" : "Comma-separated list of features to turn on. By default all features are enabled. If any features are specified, then only those features are enabled. The `default` feature must be explicitly specified if only default features are desired. Can be repeated.\n",
                                  "type" : "array"
                                },
                                "cargo_cfg_overrides" : {
                                  "title" : "Cargo cfg overrides",
                                  "description" : "Comma-separated list of cfg settings to enable, or disable if prefixed with `-`. Can be repeated.\n",
                                  "type" : "array"
                                },
                                "logging" : {
                                  "title" : "Options pertaining to logging.",
                                  "description" : "Options pertaining to logging.",
                                  "type" : "object",
                                  "properties" : {
                                    "verbosity" : {
                                      "title" : "Extractor logging verbosity level.",
                                      "description" : "Controls the level of verbosity of the extractor. The supported levels are (in order of increasing verbosity):\n  - off\n  - errors\n  - warnings\n  - info or progress\n  - debug or progress+\n  - trace or progress++\n  - progress+++\n",
                                      "type" : "string",
                                      "pattern" : "^(off|errors|warnings|(info|progress)|(debug|progress\\+)|(trace|progress\\+\\+)|progress\\+\\+\\+)$"
                                    },
                                    "flamegraph" : {
                                      "title" : "[Experimental] File path for write flame graph log",
                                      "description" : "Collect flame graph data using the `tracing-flame` crate. To render a flame graph or chart, run the `inferno-flamegraph` command. See also: https://crates.io/crates/tracing-flame\n",
                                      "type" : "string"
                                    }
                                  }
                                },
                                "extract_dependencies_as_source" : {
                                  "title" : "Extract dependencies as source code",
                                  "description" : "Extract the full source code of dependencies instead of only extracting signatures.\n",
                                  "type" : "string",
                                  "pattern" : "^(false|true)$"
                                }
                              }
                            }
                          ],
                          "swift" : [
                            {
                              "extractor_root" : "D:\\NetworkSecurity\\codeql\\swift"
                            }
                          ],
                          "xml" : [
                            {
                              "extractor_root" : "D:\\NetworkSecurity\\codeql\\xml"
                            }
                          ],
                          "yaml" : [
                            {
                              "extractor_root" : "D:\\NetworkSecurity\\codeql\\yaml"
                            }
                          ]
                        }
                      }
[2025-10-23 21:32:22] [PROGRESS] database init> Calculating baseline information in D:\NetworkSecurity\project
[2025-10-23 21:32:22] [SPAMMY] database init> Ignoring the following directories when processing baseline information: .git, .hg, .svn.
[2025-10-23 21:32:22] [DETAILS] database init> Running command in D:\NetworkSecurity\project: D:\NetworkSecurity\codeql\tools\win64\scc.exe --by-file --exclude-dir .git,.hg,.svn --format json --no-large --no-min .
[2025-10-23 21:32:22] Using configure-baseline script D:\NetworkSecurity\codeql\javascript\tools\configure-baseline.cmd.
[2025-10-23 21:32:22] [PROGRESS] database init> Running command in D:\NetworkSecurity\project: [D:\NetworkSecurity\codeql\javascript\tools\configure-baseline.cmd]
[2025-10-23 21:32:22] Using configure-baseline script D:\NetworkSecurity\codeql\actions\tools\configure-baseline.cmd.
[2025-10-23 21:32:22] [PROGRESS] database init> Running command in D:\NetworkSecurity\project: [D:\NetworkSecurity\codeql\actions\tools\configure-baseline.cmd]
[2025-10-23 21:32:22] [SPAMMY] database init> Ignored an additional 2 files when processing baseline information for YAML due to paths and paths-ignore configuration.
[2025-10-23 21:32:22] [SPAMMY] database init> Found 10 baseline files for java.
[2025-10-23 21:32:22] [SPAMMY] database init> Found 2 baseline files for javascript.
[2025-10-23 21:32:22] [SPAMMY] database init> Found 2 baseline files for python.
[2025-10-23 21:32:22] [SPAMMY] database init> Found 0 baseline files for actions.
[2025-10-23 21:32:22] [PROGRESS] database init> Calculated baseline information for languages: actions, java, javascript, python (561ms).
[2025-10-23 21:32:23] [PROGRESS] database init> Resolving extractor python.
[2025-10-23 21:32:23] [DETAILS] database init> Found candidate extractor root for python: D:\NetworkSecurity\codeql\python.
[2025-10-23 21:32:23] [PROGRESS] database init> Successfully loaded extractor Python (python) from D:\NetworkSecurity\codeql\python.
[2025-10-23 21:32:23] [PROGRESS] database init> Created skeleton CodeQL database at D:\NetworkSecurity\project\codeql_dbs\python-db. This in-progress database is ready to be populated by an extractor.
[2025-10-23 21:32:23] Plumbing command codeql database init completed.
[2025-10-23 21:32:23] [PROGRESS] database create> Running build command: []
[2025-10-23 21:32:23] Running plumbing command: codeql database trace-command --working-dir=D:\NetworkSecurity\project --index-traceless-dbs --no-db-cluster -- D:\NetworkSecurity\project\codeql_dbs\python-db
[2025-10-23 21:32:23] Using autobuild script D:\NetworkSecurity\codeql\python\tools\autobuild.cmd.
[2025-10-23 21:32:23] [PROGRESS] database trace-command> Running command in D:\NetworkSecurity\project: [D:\NetworkSecurity\codeql\python\tools\autobuild.cmd]
[2025-10-23 21:32:23] [build-stdout] Python 3.12.6
[2025-10-23 21:32:24] [build-stderr] No suitable Python runtime found
[2025-10-23 21:32:24] [build-stderr] Pass --list (-0) to see all detected environments on your machine
[2025-10-23 21:32:24] [build-stderr] or set environment variable PYLAUNCHER_ALLOW_INSTALL to use winget
[2025-10-23 21:32:24] [build-stderr] or open the Microsoft Store to the requested version.
[2025-10-23 21:32:24] [build-stdout] Source root appears to be the real root.
[2025-10-23 21:32:24] [build-stdout] Will try to guess Python version, as it was not specified in `lgtm.yml`
[2025-10-23 21:32:24] [build-stdout] Trying to guess Python version based on Trove classifiers in setup.py
[2025-10-23 21:32:24] [build-stdout] Did not find setup.py (expected it to be at D:\NetworkSecurity\project\setup.py)
[2025-10-23 21:32:24] [build-stdout] Trying to guess Python version based on travis file
[2025-10-23 21:32:24] [build-stdout] Did not find any travis files (expected them at either ['D:\\NetworkSecurity\\project\\.travis.yml', 'D:\\NetworkSecurity\\project\\travis.yml'])
[2025-10-23 21:32:24] [build-stdout] Trying to guess Python version based on installed versions
[2025-10-23 21:32:24] [build-stdout] Wanted to run Python 2, but it is not available. Using Python 3 instead
[2025-10-23 21:32:24] [build-stdout] This script is running Python 3, but Python 2 is also available (as 'py -3')
[2025-10-23 21:32:24] [build-stdout] Could not guess Python version, will use default: Python 3
[2025-10-23 21:32:24] [build-stdout] Excluding the following directories from extraction, since they look like virtual environments: ['D:\\NetworkSecurity\\project\\.venv']
[2025-10-23 21:32:24] [build-stdout] You can disable this behavior by setting the environment variable CODEQL_EXTRACTOR_PYTHON_DISABLE_AUTOMATIC_VENV_EXCLUDE=1
[2025-10-23 21:32:24] [build-stdout] Calling py -3 -S D:\NetworkSecurity\codeql\python\tools\python_tracer.py --verbosity 3 -z all -c D:\NetworkSecurity\project\codeql_dbs\python-db\working\trap_cache -R D:\NetworkSecurity\project -Y D:\NetworkSecurity\project\.venv
[2025-10-23 21:32:25] [build-stdout] Python 3.12.6
[2025-10-23 21:32:25] [build-stdout] INFO: The Python extractor has recently stopped extracting the standard library by default. If you encounter problems, please let us know by submitting an issue to https://github.com/github/codeql. It is possible to re-enable extraction of the standard library by setting the environment variable CODEQL_EXTRACTOR_PYTHON_EXTRACT_STDLIB.
[2025-10-23 21:32:25] [build-stdout] [INFO] Extraction will use the Python 3 standard library.
[2025-10-23 21:32:25] [build-stdout] [INFO] sys_path is: ['D:\\NetworkSecurity\\codeql\\python\\tools', 'D:\\python\\python312.zip', 'D:\\python\\DLLs', 'D:\\python\\Lib', 'D:\\python']
[2025-10-23 21:32:25] [build-stdout] [INFO] Python version 3.12.6
[2025-10-23 21:32:25] [build-stdout] [INFO] Python extractor version 7.1.5
[2025-10-23 21:32:25] [build-stdout] [INFO] [3] Extracted folder D:\NetworkSecurity\project\demo-src in 0ms
[2025-10-23 21:32:25] [build-stdout] [INFO] [2] Extracted file D:\NetworkSecurity\project\demo-src\2.py in 36ms
[2025-10-23 21:32:25] [build-stdout] [INFO] [3] Skipped built-in file D:\python\Lib\os.py
[2025-10-23 21:32:25] [build-stdout] [INFO] [1] Extracted file D:\NetworkSecurity\project\app.py in 201ms
[2025-10-23 21:32:25] [build-stdout] [INFO] [3] Skipped built-in file D:\python\Lib\subprocess.py
[2025-10-23 21:32:25] [build-stdout] [INFO] [4] Skipped built-in file D:\python\Lib\tempfile.py
[2025-10-23 21:32:25] [build-stdout] [INFO] [5] Skipped built-in file D:\python\Lib\json\__init__.py
[2025-10-23 21:32:25] [build-stdout] [INFO] [6] Skipped built-in file D:\python\Lib\shutil.py
[2025-10-23 21:32:25] [build-stdout] [INFO] [2] Extracted folder D:\python\Lib\json in 6ms
[2025-10-23 21:32:26] [build-stdout] [INFO] Processed 9 modules in 1.18s
[2025-10-23 21:32:26] Plumbing command codeql database trace-command completed.
[2025-10-23 21:32:26] [PROGRESS] database create> Finalizing database at D:\NetworkSecurity\project\codeql_dbs\python-db.
[2025-10-23 21:32:26] Running plumbing command: codeql database finalize --no-db-cluster -- D:\NetworkSecurity\project\codeql_dbs\python-db
[2025-10-23 21:32:26] Using pre-finalize script D:\NetworkSecurity\codeql\python\tools\pre-finalize.cmd.
[2025-10-23 21:32:26] [PROGRESS] database finalize> Running pre-finalize script D:\NetworkSecurity\codeql\python\tools\pre-finalize.cmd in D:\NetworkSecurity\project.
[2025-10-23 21:32:26] Running plumbing command: codeql database trace-command --working-dir=D:\NetworkSecurity\project --no-tracing -- D:\NetworkSecurity\project\codeql_dbs\python-db D:\NetworkSecurity\codeql\python\tools\pre-finalize.cmd
[2025-10-23 21:32:26] [PROGRESS] database trace-command> Running command in D:\NetworkSecurity\project: [D:\NetworkSecurity\codeql\python\tools\pre-finalize.cmd]
[2025-10-23 21:32:27] [build-stderr] Scanning for files in D:\NetworkSecurity\project...
[2025-10-23 21:32:27] [build-stderr] D:\NetworkSecurity\project\codeql_dbs\python-db: Indexing files in in D:\NetworkSecurity\project...
[2025-10-23 21:32:27] [build-stderr] Running command in D:\NetworkSecurity\project: [D:\NetworkSecurity\codeql\yaml\tools\index-files.cmd, D:\NetworkSecurity\project\codeql_dbs\python-db\working\files-to-index14790070563304708492.list]
[2025-10-23 21:32:28] Plumbing command codeql database trace-command completed.
[2025-10-23 21:32:28] [PROGRESS] database finalize> Pre-finalize script D:\NetworkSecurity\codeql\python\tools\pre-finalize.cmd completed in 1720 ms.
[2025-10-23 21:32:28] [PROGRESS] database finalize> Running TRAP import for CodeQL database at D:\NetworkSecurity\project\codeql_dbs\python-db...
[2025-10-23 21:32:28] Running plumbing command: codeql dataset import --dbscheme=D:\NetworkSecurity\codeql\python\semmlecode.python.dbscheme -- D:\NetworkSecurity\project\codeql_dbs\python-db\db-python D:\NetworkSecurity\project\codeql_dbs\python-db\trap\python
[2025-10-23 21:32:28] Clearing disk cache since the version file D:\NetworkSecurity\project\codeql_dbs\python-db\db-python\default\cache\version does not exist
[2025-10-23 21:32:28] Tuple pool not found. Clearing relations with cached strings
[2025-10-23 21:32:28] Trimming disk cache at D:\NetworkSecurity\project\codeql_dbs\python-db\db-python\default\cache in mode clear.
[2025-10-23 21:32:28] Sequence stamp origin is -5989476426410245200
[2025-10-23 21:32:28] Pausing evaluation to hard-clear memory at sequence stamp o+0
[2025-10-23 21:32:28] Unpausing evaluation
[2025-10-23 21:32:28] Pausing evaluation to quickly trim disk at sequence stamp o+1
[2025-10-23 21:32:28] Unpausing evaluation
[2025-10-23 21:32:28] Pausing evaluation to zealously trim disk at sequence stamp o+2
[2025-10-23 21:32:28] Unpausing evaluation
[2025-10-23 21:32:28] Trimming completed (0ms): Purged everything.
[2025-10-23 21:32:28] Scanning for files in D:\NetworkSecurity\project\codeql_dbs\python-db\trap\python
[2025-10-23 21:32:28] Found 12 TRAP files (554.69 KiB)
[2025-10-23 21:32:28] [PROGRESS] dataset import> Importing TRAP files
[2025-10-23 21:32:28] Importing $files.ECr6XwftWirTTga6etHqgcsqn6M=.trap.gz (1 of 12)
[2025-10-23 21:32:28] Importing $files.hJtIYTIDvl-OXvwuEIXtEiH9Aao=.trap.gz (2 of 12)
[2025-10-23 21:32:28] Importing $flags.R_TdL59nn3ljob8KaWHm90k31oo=.trap.gz (3 of 12)
[2025-10-23 21:32:28] Importing $interpreter3.QxDBEHMtsy_zCqbLEAhq4YgwgsI=.trap.gz (4 of 12)
[2025-10-23 21:32:28] Importing $stdlib_33.bilBRTOjfbhzybVqgiW6sWMoRew=.trap (5 of 12)
[2025-10-23 21:32:28] Importing 2.py.2W5iIGM1iPacQuz87XBVEHuEjB4=.trap.gz (6 of 12)
[2025-10-23 21:32:28] Importing codeql-database.yml.trap.gz (7 of 12)
[2025-10-23 21:32:28] Importing codeql-database.yml.trap.gz (8 of 12)
[2025-10-23 21:32:28] Importing codeql-database.yml.trap.gz (9 of 12)
[2025-10-23 21:32:28] Importing app.py.6plDx96iCFGhVu1SQ60prDUvdhU=.trap.gz (10 of 12)
[2025-10-23 21:32:28] Importing json.vDKwxcio_FT32Dnc_IgAxmArQY4=.trap.gz (11 of 12)
[2025-10-23 21:32:28] Importing metadata.trap.gz (12 of 12)
[2025-10-23 21:32:28] [PROGRESS] dataset import> Merging relations
[2025-10-23 21:32:28] Merging 1 fragment for 'files'.
[2025-10-23 21:32:28] Merged 39 bytes for 'files'.
[2025-10-23 21:32:28] Merging 1 fragment for 'folders'.
[2025-10-23 21:32:28] Merged 53 bytes for 'folders'.
[2025-10-23 21:32:28] Merging 1 fragment for 'containerparent'.
[2025-10-23 21:32:28] Merged 67 bytes for 'containerparent'.
[2025-10-23 21:32:28] Merging 1 fragment for 'py_flags_versioned'.
[2025-10-23 21:32:28] Merged 180 bytes for 'py_flags_versioned'.
[2025-10-23 21:32:28] Merging 1 fragment for 'py_cobjects'.
[2025-10-23 21:32:28] Merged 4645 bytes (4.54 KiB) for 'py_cobjects'.
[2025-10-23 21:32:28] Merging 1 fragment for 'py_cobjecttypes'.
[2025-10-23 21:32:28] Merged 5187 bytes (5.07 KiB) for 'py_cobjecttypes'.
[2025-10-23 21:32:28] Merging 1 fragment for 'py_cobject_sources'.
[2025-10-23 21:32:29] Merged 6819 bytes (6.66 KiB) for 'py_cobject_sources'.
[2025-10-23 21:32:29] Merging 1 fragment for 'py_cobjectnames'.
[2025-10-23 21:32:29] Merged 6072 bytes (5.93 KiB) for 'py_cobjectnames'.
[2025-10-23 21:32:29] Merging 1 fragment for 'py_cmembers_versioned'.
[2025-10-23 21:32:29] Merged 6391 bytes (6.24 KiB) for 'py_cmembers_versioned'.
[2025-10-23 21:32:29] Merging 1 fragment for 'py_special_objects'.
[2025-10-23 21:32:29] Merged 136 bytes for 'py_special_objects'.
[2025-10-23 21:32:29] Merging 1 fragment for 'py_citems'.
[2025-10-23 21:32:29] Merged 516 bytes for 'py_citems'.
[2025-10-23 21:32:29] Merging 1 fragment for 'ext_rettype'.
[2025-10-23 21:32:29] Merged 4038 bytes (3.94 KiB) for 'ext_rettype'.
[2025-10-23 21:32:29] Merging 1 fragment for 'ext_argtype'.
[2025-10-23 21:32:29] Merged 6820 bytes (6.66 KiB) for 'ext_argtype'.
[2025-10-23 21:32:29] Merging 1 fragment for 'ext_argreturn'.
[2025-10-23 21:32:29] Merged 41 bytes for 'ext_argreturn'.
[2025-10-23 21:32:29] Merging 1 fragment for 'ext_proptype'.
[2025-10-23 21:32:29] Merged 343 bytes for 'ext_proptype'.
[2025-10-23 21:32:29] Merging 1 fragment for 'py_Modules'.
[2025-10-23 21:32:29] Merged 22 bytes for 'py_Modules'.
[2025-10-23 21:32:29] Merging 1 fragment for 'py_module_path'.
[2025-10-23 21:32:29] Merged 35 bytes for 'py_module_path'.
[2025-10-23 21:32:29] Merging 1 fragment for 'variable'.
[2025-10-23 21:32:29] Merged 453 bytes for 'variable'.
[2025-10-23 21:32:29] Merging 1 fragment for 'py_extracted_version'.
[2025-10-23 21:32:29] Merged 31 bytes for 'py_extracted_version'.
[2025-10-23 21:32:29] Merging 1 fragment for 'py_stmt_lists'.
[2025-10-23 21:32:29] Merged 310 bytes for 'py_stmt_lists'.
[2025-10-23 21:32:29] Merging 1 fragment for 'py_stmts'.
[2025-10-23 21:32:29] Merged 869 bytes for 'py_stmts'.
[2025-10-23 21:32:29] Merging 1 fragment for 'py_scopes'.
[2025-10-23 21:32:29] Merged 1485 bytes (1.45 KiB) for 'py_scopes'.
[2025-10-23 21:32:29] Merging 1 fragment for 'py_alias_lists'.
[2025-10-23 21:32:29] Merged 51 bytes for 'py_alias_lists'.
[2025-10-23 21:32:29] Merging 1 fragment for 'py_aliases'.
[2025-10-23 21:32:29] Merged 79 bytes for 'py_aliases'.
[2025-10-23 21:32:29] Merging 1 fragment for 'py_exprs'.
[2025-10-23 21:32:29] Merged 4796 bytes (4.68 KiB) for 'py_exprs'.
[2025-10-23 21:32:29] Merging 1 fragment for 'py_ints'.
[2025-10-23 21:32:29] Merged 44 bytes for 'py_ints'.
[2025-10-23 21:32:29] Merging 1 fragment for 'py_strs'.
[2025-10-23 21:32:29] Merged 1469 bytes (1.43 KiB) for 'py_strs'.
[2025-10-23 21:32:29] Merging 1 fragment for 'py_variables'.
[2025-10-23 21:32:29] Merged 919 bytes for 'py_variables'.
[2025-10-23 21:32:29] Merging 1 fragment for 'py_expr_contexts'.
[2025-10-23 21:32:29] Merged 1667 bytes (1.63 KiB) for 'py_expr_contexts'.
[2025-10-23 21:32:29] Merging 1 fragment for 'py_bools'.
[2025-10-23 21:32:29] Merged 41 bytes for 'py_bools'.
[2025-10-23 21:32:29] Merging 1 fragment for 'py_expr_lists'.
[2025-10-23 21:32:29] Merged 896 bytes for 'py_expr_lists'.
[2025-10-23 21:32:29] Merging 1 fragment for 'py_arguments'.
[2025-10-23 21:32:29] Merged 68 bytes for 'py_arguments'.
[2025-10-23 21:32:29] Merging 1 fragment for 'py_Functions'.
[2025-10-23 21:32:29] Merged 68 bytes for 'py_Functions'.
[2025-10-23 21:32:29] Merging 1 fragment for 'py_cmpop_lists'.
[2025-10-23 21:32:29] Merged 87 bytes for 'py_cmpop_lists'.
[2025-10-23 21:32:29] Merging 1 fragment for 'py_cmpops'.
[2025-10-23 21:32:29] Merged 123 bytes for 'py_cmpops'.
[2025-10-23 21:32:29] Merging 1 fragment for 'py_dict_item_lists'.
[2025-10-23 21:32:29] Merged 91 bytes for 'py_dict_item_lists'.
[2025-10-23 21:32:29] Merging 1 fragment for 'py_dict_items'.
[2025-10-23 21:32:29] Merged 256 bytes for 'py_dict_items'.
[2025-10-23 21:32:29] Merging 1 fragment for 'py_exports'.
[2025-10-23 21:32:29] Merged 55 bytes for 'py_exports'.
[2025-10-23 21:32:29] Merging 1 fragment for 'py_flow_bb_node'.
[2025-10-23 21:32:29] Merged 4495 bytes (4.39 KiB) for 'py_flow_bb_node'.
[2025-10-23 21:32:29] Merging 1 fragment for 'py_scope_flow'.
[2025-10-23 21:32:29] Merged 446 bytes for 'py_scope_flow'.
[2025-10-23 21:32:29] Merging 1 fragment for 'py_successors'.
[2025-10-23 21:32:29] Merged 3269 bytes (3.19 KiB) for 'py_successors'.
[2025-10-23 21:32:29] Merging 1 fragment for 'py_idoms'.
[2025-10-23 21:32:29] Merged 2558 bytes (2.50 KiB) for 'py_idoms'.
[2025-10-23 21:32:29] Merging 1 fragment for 'py_ssa_var'.
[2025-10-23 21:32:29] Merged 315 bytes for 'py_ssa_var'.
[2025-10-23 21:32:29] Merging 1 fragment for 'py_ssa_defn'.
[2025-10-23 21:32:29] Merged 277 bytes for 'py_ssa_defn'.
[2025-10-23 21:32:29] Merging 1 fragment for 'py_ssa_use'.
[2025-10-23 21:32:29] Merged 526 bytes for 'py_ssa_use'.
[2025-10-23 21:32:29] Merging 1 fragment for 'py_true_successors'.
[2025-10-23 21:32:29] Merged 124 bytes for 'py_true_successors'.
[2025-10-23 21:32:29] Merging 1 fragment for 'py_false_successors'.
[2025-10-23 21:32:29] Merged 128 bytes for 'py_false_successors'.
[2025-10-23 21:32:29] Merging 1 fragment for 'locations_ast'.
[2025-10-23 21:32:29] Merged 5839 bytes (5.70 KiB) for 'locations_ast'.
[2025-10-23 21:32:29] Merging 1 fragment for 'py_scope_location'.
[2025-10-23 21:32:29] Merged 78 bytes for 'py_scope_location'.
[2025-10-23 21:32:29] Merging 1 fragment for 'py_comments'.
[2025-10-23 21:32:29] Merged 76 bytes for 'py_comments'.
[2025-10-23 21:32:29] Merging 1 fragment for 'py_codelines'.
[2025-10-23 21:32:29] Merged 64 bytes for 'py_codelines'.
[2025-10-23 21:32:29] Merging 1 fragment for 'py_commentlines'.
[2025-10-23 21:32:29] Merged 61 bytes for 'py_commentlines'.
[2025-10-23 21:32:29] Merging 1 fragment for 'py_docstringlines'.
[2025-10-23 21:32:29] Merged 57 bytes for 'py_docstringlines'.
[2025-10-23 21:32:29] Merging 1 fragment for 'py_alllines'.
[2025-10-23 21:32:29] Merged 64 bytes for 'py_alllines'.
[2025-10-23 21:32:29] Merging 1 fragment for 'numlines'.
[2025-10-23 21:32:29] Merged 52 bytes for 'numlines'.
[2025-10-23 21:32:29] Merging 1 fragment for 'py_locations'.
[2025-10-23 21:32:29] Merged 2785 bytes (2.72 KiB) for 'py_locations'.
[2025-10-23 21:32:29] Merging 1 fragment for 'yaml_scalars'.
[2025-10-23 21:32:29] Merged 329 bytes for 'yaml_scalars'.
[2025-10-23 21:32:29] Merging 1 fragment for 'yaml'.
[2025-10-23 21:32:29] Merged 1170 bytes (1.14 KiB) for 'yaml'.
[2025-10-23 21:32:29] Merging 1 fragment for 'locations_default'.
[2025-10-23 21:32:29] Merged 1050 bytes (1.03 KiB) for 'locations_default'.
[2025-10-23 21:32:29] Merging 1 fragment for 'yaml_locations'.
[2025-10-23 21:32:29] Merged 378 bytes for 'yaml_locations'.
[2025-10-23 21:32:29] Merging 1 fragment for 'py_operators'.
[2025-10-23 21:32:29] Merged 59 bytes for 'py_operators'.
[2025-10-23 21:32:29] Merging 1 fragment for 'py_parameter_lists'.
[2025-10-23 21:32:29] Merged 58 bytes for 'py_parameter_lists'.
[2025-10-23 21:32:29] Merging 1 fragment for 'py_numbers'.
[2025-10-23 21:32:29] Merged 203 bytes for 'py_numbers'.
[2025-10-23 21:32:29] Merging 1 fragment for 'py_unaryops'.
[2025-10-23 21:32:29] Merged 57 bytes for 'py_unaryops'.
[2025-10-23 21:32:29] Merging 1 fragment for 'py_boolops'.
[2025-10-23 21:32:29] Merged 43 bytes for 'py_boolops'.
[2025-10-23 21:32:29] Merging 1 fragment for 'py_exception_successors'.
[2025-10-23 21:32:29] Merged 266 bytes for 'py_exception_successors'.
[2025-10-23 21:32:29] Merging 1 fragment for 'py_ssa_phi'.
[2025-10-23 21:32:29] Merged 54 bytes for 'py_ssa_phi'.
[2025-10-23 21:32:29] Merging 1 fragment for 'sourceLocationPrefix'.
[2025-10-23 21:32:29] Merged 17 bytes for 'sourceLocationPrefix'.
[2025-10-23 21:32:29] Saving string and id pools to disk.
[2025-10-23 21:32:29] Finished importing TRAP files.
[2025-10-23 21:32:29] Read 1.46 MiB of uncompressed TRAP data.
[2025-10-23 21:32:29] Uncompressed relation data size: 343.35 KiB
[2025-10-23 21:32:29] Relation data size: 78.28 KiB (merge rate: 678.11 KiB/s)
[2025-10-23 21:32:29] String pool size: 2.08 MiB
[2025-10-23 21:32:29] ID pool size: 1.09 MiB
[2025-10-23 21:32:29] [PROGRESS] dataset import> Finished writing database (relations: 78.28 KiB; string pool: 2.08 MiB).
[2025-10-23 21:32:29] Pausing evaluation to close the cache at sequence stamp o+139
[2025-10-23 21:32:29] The disk cache is freshly trimmed; leave it be.
[2025-10-23 21:32:29] Unpausing evaluation
[2025-10-23 21:32:29] Plumbing command codeql dataset import completed.
[2025-10-23 21:32:29] [PROGRESS] database finalize> TRAP import complete (860ms).
[2025-10-23 21:32:29] Running plumbing command: codeql database cleanup -- D:\NetworkSecurity\project\codeql_dbs\python-db
[2025-10-23 21:32:29] [PROGRESS] database cleanup> Cleaning up existing TRAP files after import...
[2025-10-23 21:32:29] [PROGRESS] database cleanup> TRAP files cleaned up (8ms).
[2025-10-23 21:32:29] [PROGRESS] database cleanup> Cleaning up scratch directory...
[2025-10-23 21:32:29] [PROGRESS] database cleanup> Scratch directory cleaned up (0ms).
[2025-10-23 21:32:29] Running plumbing command: codeql dataset cleanup -- D:\NetworkSecurity\project\codeql_dbs\python-db\db-python
[2025-10-23 21:32:29] [PROGRESS] dataset cleanup> Cleaning up dataset in D:\NetworkSecurity\project\codeql_dbs\python-db\db-python.
[2025-10-23 21:32:29] Trimming disk cache at D:\NetworkSecurity\project\codeql_dbs\python-db\db-python\default\cache in mode trim.
[2025-10-23 21:32:29] Sequence stamp origin is -5989476422970135739
[2025-10-23 21:32:29] Pausing evaluation to quickly trim memory at sequence stamp o+0
[2025-10-23 21:32:29] Unpausing evaluation
[2025-10-23 21:32:29] Pausing evaluation to zealously trim disk at sequence stamp o+1
[2025-10-23 21:32:29] Unpausing evaluation
[2025-10-23 21:32:29] Trimming completed (0ms): Trimmed disposable data from cache.
[2025-10-23 21:32:29] Pausing evaluation to close the cache at sequence stamp o+2
[2025-10-23 21:32:29] The disk cache is freshly trimmed; leave it be.
[2025-10-23 21:32:29] Unpausing evaluation
[2025-10-23 21:32:29] [PROGRESS] dataset cleanup> Trimmed disposable data from cache.
[2025-10-23 21:32:29] [PROGRESS] dataset cleanup> Finalizing dataset in D:\NetworkSecurity\project\codeql_dbs\python-db\db-python
[2025-10-23 21:32:29] [DETAILS] dataset cleanup> Finished deleting ID pool from D:\NetworkSecurity\project\codeql_dbs\python-db\db-python (0ms).
[2025-10-23 21:32:29] Plumbing command codeql dataset cleanup completed.
[2025-10-23 21:32:29] Plumbing command codeql database cleanup completed with status 0.
[2025-10-23 21:32:29] [PROGRESS] database finalize> Finished zipping source archive (5.25 KiB).
[2025-10-23 21:32:29] Plumbing command codeql database finalize completed.
[2025-10-23 21:32:29] [PROGRESS] database create> Successfully created database at D:\NetworkSecurity\project\codeql_dbs\python-db.
[2025-10-23 21:32:29] Terminating normally.
